<?xml version="1.0" encoding="UTF-8"?>
<!-- Generated by org.testng.reporters.JUnitXMLReporter -->
<testsuite ignored="0" hostname="DESKTOP-P8A2U13" failures="0" tests="3" name="Test-2" time="70.377" errors="0" timestamp="2025-06-24T18:58:12 IST">
  <testcase classname="com.comcast.crm.contacttest.CreateContactTestWithBaseClass" name="createContactTest" time="6.303"/>
  <testcase classname="com.comcast.crm.contacttest.CreateContactTestWithBaseClass" name="createContactWithOrgTest" time="12.045"/>
  <testcase classname="com.comcast.crm.contacttest.CreateContactTestWithBaseClass" name="createContactWithSupportDateTest" time="4.323"/>
</testsuite> <!-- Test-2 -->
