<?xml version="1.0" encoding="UTF-8"?>
<!-- Generated by org.testng.reporters.JUnitXMLReporter -->
<testsuite ignored="0" hostname="DESKTOP-P8A2U13" failures="0" tests="3" name="Test-1" time="61.853" errors="0" timestamp="2025-06-24T18:58:04 IST">
  <testcase classname="com.comcast.crm.orgtest.CreateOrgTestWithBaseClass" name="CreateOrgTest" time="6.953"/>
  <testcase classname="com.comcast.crm.orgtest.CreateOrgTestWithBaseClass" name="CreateOrgWithIndustriesTest" time="7.533"/>
  <testcase classname="com.comcast.crm.orgtest.CreateOrgTestWithBaseClass" name="CreateOrgWithPhNOTest" time="4.36"/>
</testsuite> <!-- Test-1 -->
