<?xml version="1.0" encoding="UTF-8"?>
<!-- Generated by org.testng.reporters.JUnitReportReporter -->
<testsuite hostname="DESKTOP-P8A2U13" failures="0" tests="3" name="com.comcast.crm.orgtest.CreateOrgTestWithBaseClass" time="59.423" errors="0" timestamp="2025-06-24T18:58:13 IST" skipped="0">
  <testcase classname="com.comcast.crm.orgtest.CreateOrgTestWithBaseClass" name="CreateOrgWithIndustriesTest" time="19.342"/>
  <testcase classname="com.comcast.crm.orgtest.CreateOrgTestWithBaseClass" name="CreateOrgTest" time="17.324"/>
  <testcase classname="com.comcast.crm.orgtest.CreateOrgTestWithBaseClass" name="CreateOrgWithPhNOTest" time="22.757"/>
</testsuite> <!-- com.comcast.crm.orgtest.CreateOrgTestWithBaseClass -->
