<?xml version="1.0" encoding="UTF-8"?>
<!-- Generated by org.testng.reporters.JUnitReportReporter -->
<testsuite hostname="DESKTOP-P8A2U13" failures="0" tests="1" name="practise.pom.repository.SampleTestWithPom" time="26.719" errors="0" timestamp="2025-06-12T12:31:07 IST" skipped="0">
  <testcase classname="practise.pom.repository.SampleTestWithPom" name="sampleTest" time="26.719"/>
</testsuite> <!-- practise.pom.repository.SampleTestWithPom -->
