<?xml version="1.0" encoding="UTF-8"?>
<!-- Generated by org.testng.reporters.JUnitReportReporter -->
<testsuite hostname="DESKTOP-P8A2U13" failures="0" tests="9" name="com.crm.comcast.contacttest.CreateContactTest" time="228.980" errors="0" timestamp="2025-06-24T18:55:23 IST" skipped="0">
  <testcase classname="com.crm.comcast.contacttest.CreateContactTest" name="createContactWithSupportDateTest" time="15.853"/>
  <testcase classname="com.crm.comcast.contacttest.CreateContactTest" name="createContactWithOrgTest" time="35.209"/>
  <testcase classname="com.crm.comcast.contacttest.CreateContactTest" name="createContactTest" time="21.676"/>
  <testcase classname="com.crm.comcast.contacttest.CreateContactTest" name="createContactWithSupportDateTest" time="21.914"/>
  <testcase classname="com.crm.comcast.contacttest.CreateContactTest" name="createContactTest" time="18.885"/>
  <testcase classname="com.crm.comcast.contacttest.CreateContactTest" name="createContactWithSupportDateTest" time="18.532"/>
  <testcase classname="com.crm.comcast.contacttest.CreateContactTest" name="createContactWithOrgTest" time="38.668"/>
  <testcase classname="com.crm.comcast.contacttest.CreateContactTest" name="createContactTest" time="17.864"/>
  <testcase classname="com.crm.comcast.contacttest.CreateContactTest" name="createContactWithOrgTest" time="40.379"/>
</testsuite> <!-- com.crm.comcast.contacttest.CreateContactTest -->
