<?xml version="1.0" encoding="UTF-8"?>
<!-- Generated by org.testng.reporters.JUnitReportReporter -->
<testsuite hostname="DESKTOP-P8A2U13" failures="0" tests="1" name="com.comcast.crm.orgtest.DeleteOrgTest" time="26.609" errors="0" timestamp="2025-06-19T17:15:23 IST" skipped="0">
  <testcase classname="com.comcast.crm.orgtest.DeleteOrgTest" name="checkDeleteOrg" time="26.609"/>
</testsuite> <!-- com.comcast.crm.orgtest.DeleteOrgTest -->
