<?xml version="1.0" encoding="UTF-8"?>
<!-- Generated by org.testng.reporters.JUnitReportReporter -->
<testsuite hostname="DESKTOP-P8A2U13" failures="0" tests="3" name="practicetest.GetProductInfoTest" time="40.838" errors="0" timestamp="2025-06-17T16:36:26 IST" skipped="0">
  <testcase classname="practicetest.GetProductInfoTest" name="getProductInfo" time="14.023"/>
  <testcase classname="practicetest.GetProductInfoTest" name="getProductInfo" time="12.279"/>
  <testcase classname="practicetest.GetProductInfoTest" name="getProductInfo" time="14.536"/>
</testsuite> <!-- practicetest.GetProductInfoTest -->
