<?xml version="1.0" encoding="UTF-8"?>
<!-- Generated by org.testng.reporters.JUnitReportReporter -->
<testsuite hostname="DESKTOP-P8A2U13" failures="0" tests="1" name="com.crm.comcast.orgtest.CreateOrgTest" time="62.530" errors="0" timestamp="2025-06-18T15:04:13 IST" skipped="0">
  <testcase classname="com.crm.comcast.orgtest.CreateOrgTest" name="createOrgTest" time="62.530"/>
</testsuite> <!-- com.crm.comcast.orgtest.CreateOrgTest -->
