<?xml version="1.0" encoding="UTF-8"?>
<!-- Generated by org.testng.reporters.JUnitReportReporter -->
<testsuite hostname="DESKTOP-P8A2U13" failures="0" tests="2" name="com.pac1.CreateContactTest" time="0.015" errors="0" timestamp="2025-06-17T17:43:16 IST" skipped="0">
  <testcase classname="com.pac1.CreateContactTest" name="createContactWithDate" time="0.004"/>
  <testcase classname="com.pac1.CreateContactTest" name="createContact" time="0.011"/>
</testsuite> <!-- com.pac1.CreateContactTest -->
