<?xml version="1.0" encoding="UTF-8"?>
<!-- Generated by org.testng.reporters.JUnitReportReporter -->
<testsuite hostname="DESKTOP-P8A2U13" failures="0" tests="3" name="com.comcast.crm.contacttest.CreateContactTestWithBaseClass" time="66.997" errors="0" timestamp="2025-06-24T18:58:13 IST" skipped="0">
  <testcase classname="com.comcast.crm.contacttest.CreateContactTestWithBaseClass" name="createContactWithSupportDateTest" time="14.727"/>
  <testcase classname="com.comcast.crm.contacttest.CreateContactTestWithBaseClass" name="createContactWithOrgTest" time="32.901"/>
  <testcase classname="com.comcast.crm.contacttest.CreateContactTestWithBaseClass" name="createContactTest" time="19.369"/>
</testsuite> <!-- com.comcast.crm.contacttest.CreateContactTestWithBaseClass -->
