<?xml version="1.0" encoding="UTF-8"?>
<!-- Generated by org.testng.reporters.JUnitReportReporter -->
<testsuite hostname="DESKTOP-P8A2U13" failures="0" tests="2" name="practise.testNG.SampleTest" time="0.014" errors="0" timestamp="2025-06-16T12:57:45 IST" skipped="0">
  <testcase classname="practise.testNG.SampleTest" name="createContactWithMobileNumberTest" time="0.002"/>
  <testcase classname="practise.testNG.SampleTest" name="createContactTest" time="0.012"/>
</testsuite> <!-- practise.testNG.SampleTest -->
