<?xml version="1.0" encoding="UTF-8"?>
<!-- Generated by org.testng.reporters.JUnitReportReporter -->
<testsuite hostname="DESKTOP-P8A2U13" failures="0" tests="3" name="practise.testNG.ContactTest" time="0.017" errors="0" timestamp="2025-06-16T13:25:21 IST" skipped="0">
  <testcase classname="practise.testNG.ContactTest" name="createContactTest" time="0.013"/>
  <testcase classname="practise.testNG.ContactTest" name="modifyContactTest" time="0.002"/>
  <testcase classname="practise.testNG.ContactTest" name="deleteContactTest" time="0.002"/>
</testsuite> <!-- practise.testNG.ContactTest -->
