<?xml version="1.0" encoding="UTF-8"?>
<!-- Generated by org.testng.reporters.JUnitReportReporter -->
<testsuite hostname="DESKTOP-P8A2U13" failures="0" tests="2" name="practise.Homepagetest.HomePageVerificationTest" time="23.686" errors="0" timestamp="2025-06-25T11:28:29 IST" skipped="0">
  <testcase classname="practise.Homepagetest.HomePageVerificationTest" name="homePageTest" time="10.823"/>
  <testcase classname="practise.Homepagetest.HomePageVerificationTest" name="verifyLogoHomePageTest" time="12.863"/>
</testsuite> <!-- practise.Homepagetest.HomePageVerificationTest -->
