<?xml version="1.0" encoding="UTF-8"?>
<!-- Generated by org.testng.reporters.JUnitReportReporter -->
<testsuite hostname="DESKTOP-P8A2U13" failures="0" tests="1" name="PractiseDataDrivenTesting.SampleUnitTestCheckProjectInBackEnd" time="0.786" errors="0" timestamp="2025-06-03T16:34:47 IST" skipped="0">
  <testcase classname="PractiseDataDrivenTesting.SampleUnitTestCheckProjectInBackEnd" name="projectCheckTest" time="0.786"/>
</testsuite> <!-- PractiseDataDrivenTesting.SampleUnitTestCheckProjectInBackEnd -->
