<?xml version="1.0" encoding="UTF-8"?>
<!-- Generated by org.testng.reporters.JUnitReportReporter -->
<testsuite hostname="DESKTOP-P8A2U13" failures="0" tests="1" name="practise.testNG.SampleTestForScreenshot" time="48.492" errors="0" timestamp="2025-06-25T15:57:04 IST" skipped="0">
  <testcase classname="practise.testNG.SampleTestForScreenshot" name="amazonTest" time="48.492"/>
</testsuite> <!-- practise.testNG.SampleTestForScreenshot -->
