<?xml version="1.0" encoding="UTF-8"?>
<!-- Generated by org.testng.reporters.JUnitReportReporter -->
<testsuite hostname="DESKTOP-P8A2U13" failures="0" tests="11" name="practise.testNG.OrderTest" time="0.028" errors="0" timestamp="2025-06-17T10:52:13 IST" skipped="0">
  <testcase classname="practise.testNG.OrderTest" name="createOderTest" time="0.003"/>
  <testcase classname="practise.testNG.OrderTest" name="createOderTest" time="0.002"/>
  <testcase classname="practise.testNG.OrderTest" name="createOderTest" time="0.010"/>
  <testcase classname="practise.testNG.OrderTest" name="createOderTest" time="0.002"/>
  <testcase classname="practise.testNG.OrderTest" name="billingOrderTest" time="0.001"/>
  <testcase classname="practise.testNG.OrderTest" name="createOderTest" time="0.002"/>
  <testcase classname="practise.testNG.OrderTest" name="createOderTest" time="0.001"/>
  <testcase classname="practise.testNG.OrderTest" name="createOderTest" time="0.002"/>
  <testcase classname="practise.testNG.OrderTest" name="createOderTest" time="0.002"/>
  <testcase classname="practise.testNG.OrderTest" name="createOderTest" time="0.002"/>
  <testcase classname="practise.testNG.OrderTest" name="createOderTest" time="0.001"/>
</testsuite> <!-- practise.testNG.OrderTest -->
