<?xml version="1.0" encoding="UTF-8"?>
<!-- Generated by org.testng.reporters.JUnitReportReporter -->
<testsuite hostname="DESKTOP-P8A2U13" failures="0" tests="9" name="com.crm.comcast.orgtest.CreateOrganizationTest" time="180.441" errors="0" timestamp="2025-06-24T18:55:23 IST" skipped="0">
  <testcase classname="com.crm.comcast.orgtest.CreateOrganizationTest" name="CreateOrgWithIndustriesTest" time="15.638"/>
  <testcase classname="com.crm.comcast.orgtest.CreateOrganizationTest" name="CreateOrgWithPhNOTest" time="15.323"/>
  <testcase classname="com.crm.comcast.orgtest.CreateOrganizationTest" name="CreateOrgWithPhNOTest" time="29.288"/>
  <testcase classname="com.crm.comcast.orgtest.CreateOrganizationTest" name="CreateOrgTest" time="18.889"/>
  <testcase classname="com.crm.comcast.orgtest.CreateOrganizationTest" name="CreateOrgTest" time="17.380"/>
  <testcase classname="com.crm.comcast.orgtest.CreateOrganizationTest" name="CreateOrgTest" time="20.320"/>
  <testcase classname="com.crm.comcast.orgtest.CreateOrganizationTest" name="CreateOrgWithIndustriesTest" time="22.284"/>
  <testcase classname="com.crm.comcast.orgtest.CreateOrganizationTest" name="CreateOrgWithIndustriesTest" time="15.581"/>
  <testcase classname="com.crm.comcast.orgtest.CreateOrganizationTest" name="CreateOrgWithPhNOTest" time="25.738"/>
</testsuite> <!-- com.crm.comcast.orgtest.CreateOrganizationTest -->
