<?xml version="1.0" encoding="UTF-8"?>
<!-- Generated by org.testng.reporters.JUnitReportReporter -->
<testsuite hostname="DESKTOP-P8A2U13" failures="0" tests="1" name="PractiseDataDrivenTesting.ReadDataFromTestNGXmlFile" time="25.121" errors="0" timestamp="2025-06-20T16:14:50 IST" skipped="0">
  <testcase classname="PractiseDataDrivenTesting.ReadDataFromTestNGXmlFile" name="samplTest" time="25.121"/>
</testsuite> <!-- PractiseDataDrivenTesting.ReadDataFromTestNGXmlFile -->
